2026-02-14 11:34:18,459 : INFO - Portal Opened
2026-02-14 11:34:52,706 : INFO - Portal Opened
2026-02-14 11:36:01,157 : INFO - Portal Opened
2026-02-14 11:37:57,256 : INFO - Portal Opened
2026-02-14 11:40:02,583 : INFO - Portal Opened
2026-02-14 11:40:34,097 : INFO - Portal Opened
2026-02-14 11:42:11,582 : INFO - Portal Opened
2026-02-14 11:42:47,555 : INFO - Portal Opened
2026-02-14 11:49:45,997 : INFO - Portal Opened
2026-02-14 11:50:31,954 : INFO - Portal Opened
2026-02-14 11:50:35,376 : WARNING - User Selected Option-1.Create a College
2026-02-14 11:50:39,998 : INFO - User Entered - College ID in Option-1.Create a College ID-That is 100001
2026-02-14 11:50:39,998 : ERROR - User Entered Invalid College ID-That is 100001
2026-02-14 11:50:41,944 : INFO - User Entered - College ID in Option-1.Create a College ID-That is 10001
2026-02-14 11:50:44,552 : INFO - User Entered College Name-That isVRSEC
2026-02-14 11:50:44,553 : INFO - User  Created College ID Succesfully-That is
College ID:10001
College Name:VRSEC
2026-02-14 11:50:46,337 : WARNING - User Selected - Add a student option
2026-02-14 11:50:49,785 : INFO - User Entered - College ID in Option-2.Add a Student ID-That is 8282292
2026-02-14 11:50:49,786 : ERROR - User Entered Invalid College ID-That is 8282292
2026-02-14 11:50:54,712 : INFO - User Entered - College ID in Option-2.Add a Student ID-That is 10002
2026-02-14 11:50:54,713 : WARNING - User Entered College ID That doesn't exist in Data-That is 10002
2026-02-14 11:50:57,712 : INFO - User Entered - College ID in Option-2.Add a Student ID-That is 10001
2026-02-14 11:51:01,539 : INFO - User entered rollno of Student that is 19191
2026-02-14 11:51:01,539 : ERROR - User entered invalid roll-no that is 19191
2026-02-14 11:51:02,858 : INFO - User entered rollno of Student that is 101
2026-02-14 11:51:06,738 : INFO - User entered Student name that is K.Sagar
2026-02-14 11:51:09,578 : INFO - User entered student mobile number that is kjsdjkbjkd
2026-02-14 11:51:09,579 : WARNING - User entered invalid student mobile number that is kjsdjkbjkd
2026-02-14 11:51:15,890 : INFO - User entered student mobile number that is 8341424890
2026-02-14 11:51:23,463 : INFO - User entered student email that is dsjvhjwfw
2026-02-14 11:51:23,464 : ERROR - User entered invalid student email id that is dsjvhjwfw
2026-02-14 11:51:35,493 : INFO - User entered student email that is mbghunter6@gmail.com
2026-02-14 11:51:40,807 : INFO - User entered student dob that is - 09-02-2003
2026-02-14 11:51:46,433 : INFO - User entered student branch that is - Mechanical
2026-02-14 11:52:18,752 : INFO - User succesfully created the Student Id-101 in 10001
2026-02-14 11:52:25,766 : INFO - User selected 3.Add a Teacher
2026-02-14 11:52:31,230 : INFO - User Entered - College ID in Option-2.Add a Student ID-That is 10002
2026-02-14 11:52:31,230 : WARNING - User Entered College ID That doesn't exist in Data-That is 10002
2026-02-14 11:52:33,307 : INFO - User Entered - College ID in Option-2.Add a Student ID-That is 10001
2026-02-14 11:52:37,473 : INFO - User entered rollno of Teacher that is 101010
2026-02-14 11:52:37,473 : ERROR - User entered invalid roll-no that is 101010
2026-02-14 11:52:40,348 : INFO - User entered rollno of Teacher that is 1001
2026-02-14 11:52:45,092 : INFO - User entered Teacher name that is Sai Vardhan
2026-02-14 11:52:48,582 : INFO - User entered Teacher mobile number that is 9876543210
2026-02-14 11:53:08,238 : INFO - User entered Teacher email that is mbghunter6@gmail.com
2026-02-14 11:53:12,891 : INFO - User entered Teacher dob that is - 09-02-1990
2026-02-14 11:53:16,706 : INFO - User entered Teacher's subject that is - Python
2026-02-14 11:53:38,084 : INFO - User succesfully created the Teacher's Id-1001 in 10001
2026-02-14 11:53:51,573 : INFO - User Selected Option 4.Display Student Details
2026-02-14 11:54:04,720 : INFO - User Entered College Id in option 4.Display Student Details10001
2026-02-14 11:54:04,721 : INFO - User saw the Students data in 10001
2026-02-14 11:54:15,188 : INFO - User Selected Option 5.Display Teacher's Details
2026-02-14 11:54:18,752 : INFO - User Entered College Id in option 5.Display Teachers Details10001
2026-02-14 11:54:18,753 : INFO - User saw the Teachers data in 10001
2026-02-14 11:54:29,929 : INFO - User entered Option 6.Store Student Details
2026-02-14 11:54:34,671 : INFO - User Entered college id in Option.6 that is 10001
2026-02-14 11:54:34,672 : INFO - User stored the student details in (student-details.txt) file
2026-02-14 11:54:55,837 : INFO - User entered Option 7.Store Teacher's Details
2026-02-14 11:54:58,333 : INFO - User Entered college id in Option.7 that is 10001
2026-02-14 11:54:58,336 : INFO - User stored the student details in (teachers-details.txt) file
2026-02-14 11:55:53,371 : WARNING - User Selected Option-1.Create a College
2026-02-14 11:55:55,902 : INFO - User Entered - College ID in Option-1.Create a College ID-That is 10002
2026-02-14 11:56:02,482 : INFO - User Entered College Name-That isPVPSIT
2026-02-14 11:56:02,482 : INFO - User  Created College ID Succesfully-That is
College ID:10002
College Name:PVPSIT
2026-02-14 11:56:06,252 : WARNING - User Selected - Add a student option
2026-02-14 11:56:09,376 : INFO - User Entered - College ID in Option-2.Add a Student ID-That is 10001
2026-02-14 11:56:11,650 : INFO - User entered rollno of Student that is 101
2026-02-14 11:56:11,651 : WARNING - User entered the Student rollno that already existed in Data 101
2026-02-14 11:56:17,694 : INFO - User entered rollno of Student that is 102
2026-02-14 11:56:20,917 : INFO - User entered Student name that is Rahul
2026-02-14 11:56:27,072 : INFO - User entered student mobile number that is 9876543210
2026-02-14 11:56:36,254 : INFO - User entered student email that is mbghunter6@gmail.com
2026-02-14 11:56:41,681 : INFO - User entered student dob that is - 09-02-2003
2026-02-14 11:56:45,613 : INFO - User entered student branch that is - Mechanical
2026-02-14 11:57:09,181 : INFO - User succesfully created the Student Id-102 in 10001
2026-02-14 11:57:12,523 : WARNING - User Selected Option-1.Create a College
2026-02-14 11:57:15,709 : INFO - User Entered - College ID in Option-1.Create a College ID-That is 10001
2026-02-14 11:57:15,710 : WARNING - User Entered College ID That already existed in Data-That is 10001
2026-02-14 11:57:18,764 : INFO - User Entered - College ID in Option-1.Create a College ID-That is 10002
2026-02-14 11:57:18,765 : WARNING - User Entered College ID That already existed in Data-That is 10002
2026-02-14 11:57:21,272 : INFO - User Entered - College ID in Option-1.Create a College ID-That is 10003
2026-02-14 11:57:28,363 : INFO - User Entered College Name-That isPB SIDDARTHA
2026-02-14 11:57:28,364 : INFO - User  Created College ID Succesfully-That is
College ID:10003
College Name:PB SIDDARTHA
2026-02-14 11:57:30,898 : WARNING - User Selected - Add a student option
2026-02-14 11:57:34,058 : INFO - User Entered - College ID in Option-2.Add a Student ID-That is 10002
2026-02-14 11:57:37,172 : INFO - User entered rollno of Student that is 101
2026-02-14 11:57:43,372 : INFO - User entered Student name that is JAYA KRISHNA
2026-02-14 11:57:46,056 : INFO - User entered student mobile number that is 9876543210
2026-02-14 11:57:55,369 : INFO - User entered student email that is mbghunter6@gmail.com
2026-02-14 11:58:00,245 : INFO - User entered student dob that is - 09-02-2003
2026-02-14 11:58:03,963 : INFO - User entered student branch that is - Mechanical
2026-02-14 11:58:24,683 : INFO - User succesfully created the Student Id-101 in 10002
2026-02-14 11:58:30,396 : INFO - User Selected Option 4.Display Student Details
2026-02-14 11:58:34,446 : INFO - User Entered College Id in option 4.Display Student Details10001
2026-02-14 11:58:34,448 : INFO - User saw the Students data in 10001
2026-02-14 11:58:41,508 : ERROR - User entered invalid option that is 10002
2026-02-14 11:58:45,156 : INFO - User Selected Option 4.Display Student Details
2026-02-14 11:58:48,640 : INFO - User Entered College Id in option 4.Display Student Details10002
2026-02-14 11:58:48,642 : INFO - User saw the Students data in 10002
2026-02-14 11:58:57,688 : INFO - User selected option 8.Exit
2026-02-14 11:58:57,725 : INFO - Portal Closed
2026-02-14 12:21:18,009 : INFO - Portal Opened
2026-02-14 12:21:20,495 : WARNING - User Selected Option-1.Create a College
2026-02-14 12:21:23,180 : INFO - User Entered - College ID in Option-1.Create a College ID-That is shdvhsdhd
2026-02-14 12:21:23,181 : ERROR - User Entered Invalid College ID-That is shdvhsdhd
2026-02-14 12:21:25,879 : INFO - User Entered - College ID in Option-1.Create a College ID-That is 10001
2026-02-14 12:21:28,947 : INFO - User Entered College Name-That isVRSEC
2026-02-14 12:21:28,947 : INFO - User  Created College ID Succesfully-That is
College ID:10001
College Name:VRSEC
2026-02-14 12:21:30,638 : WARNING - User Selected - Add a student option
2026-02-14 12:21:34,741 : INFO - User Entered - College ID in Option-2.Add a Student ID-That is 10002
2026-02-14 12:21:34,742 : WARNING - User Entered College ID That doesn't exist in Data-That is 10002
2026-02-14 12:21:38,625 : INFO - User Entered - College ID in Option-2.Add a Student ID-That is 10001
2026-02-14 12:21:43,924 : INFO - User entered rollno of Student that is 100101010
2026-02-14 12:21:43,925 : ERROR - User entered invalid roll-no that is 100101010
2026-02-14 12:21:44,935 : INFO - User entered rollno of Student that is 101
2026-02-14 12:21:48,404 : INFO - User entered Student name that is K.Sagar
2026-02-14 12:21:52,910 : INFO - User entered student mobile number that is 8341424890
2026-02-14 12:22:02,601 : INFO - User entered student email that is mbghunter6@gmail.com
2026-02-14 12:22:08,770 : INFO - User entered student dob that is - 09-02-2003
2026-02-14 12:22:11,483 : INFO - User entered student branch that is - CSE
2026-02-14 12:22:44,670 : INFO - User succesfully created the Student Id-101 in 10001
2026-02-14 12:22:51,575 : INFO - User selected 3.Add a Teacher
2026-02-14 12:22:54,719 : INFO - User Entered - College ID in Option-2.Add a Student ID-That is 10001
2026-02-14 12:22:59,040 : INFO - User entered rollno of Teacher that is 11010101010
2026-02-14 12:22:59,040 : ERROR - User entered invalid roll-no that is 11010101010
2026-02-14 12:23:00,946 : INFO - User entered rollno of Teacher that is 1001
2026-02-14 12:23:07,624 : INFO - User entered Teacher name that is Sai Vardhan
2026-02-14 12:23:10,725 : INFO - User entered Teacher mobile number that is 9876543210
2026-02-14 12:23:17,105 : INFO - User entered Teacher email that is mbghunter6@gmail.com
2026-02-14 12:23:22,653 : INFO - User entered Teacher dob that is - 09-02-1990
2026-02-14 12:23:26,102 : INFO - User entered Teacher's subject that is - Python
2026-02-14 12:23:47,748 : INFO - User succesfully created the Teacher's Id-1001 in 10001
2026-02-14 12:23:52,738 : INFO - User Selected Option 4.Display Student Details
2026-02-14 12:23:59,986 : INFO - User Entered College Id in option 4.Display Student Details10001
2026-02-14 12:23:59,987 : INFO - User saw the Students data in 10001
2026-02-14 12:24:06,351 : INFO - User Selected Option 5.Display Teacher's Details
2026-02-14 12:24:09,685 : INFO - User Entered College Id in option 5.Display Teachers Details10001
2026-02-14 12:24:09,686 : INFO - User saw the Teachers data in 10001
2026-02-14 12:24:15,619 : WARNING - User Selected Option-1.Create a College
2026-02-14 12:24:20,069 : INFO - User Entered - College ID in Option-1.Create a College ID-That is 10001
2026-02-14 12:24:20,069 : WARNING - User Entered College ID That already existed in Data-That is 10001
2026-02-14 12:24:22,434 : INFO - User Entered - College ID in Option-1.Create a College ID-That is 10002
2026-02-14 12:24:25,996 : INFO - User Entered College Name-That isPVPSIT
2026-02-14 12:24:25,999 : INFO - User  Created College ID Succesfully-That is
College ID:10002
College Name:PVPSIT
2026-02-14 12:24:29,403 : WARNING - User Selected - Add a student option
2026-02-14 12:24:36,710 : INFO - User Entered - College ID in Option-2.Add a Student ID-That is 10001
2026-02-14 12:24:38,337 : INFO - User entered rollno of Student that is 101
2026-02-14 12:24:38,338 : WARNING - User entered the Student rollno that already existed in Data 101
2026-02-14 12:24:40,957 : INFO - User entered rollno of Student that is 102
2026-02-14 12:24:48,958 : INFO - User entered Student name that is K.Jayakrishna
2026-02-14 12:24:51,513 : INFO - User entered student mobile number that is 9876543210
2026-02-14 12:24:59,419 : INFO - User entered student email that is mbghunter6@gmail.com
2026-02-14 12:25:03,335 : INFO - User entered student dob that is - 09-02-2003
2026-02-14 12:25:05,853 : INFO - User entered student branch that is - CSE
2026-02-14 12:25:24,240 : INFO - User succesfully created the Student Id-102 in 10001
2026-02-14 12:25:32,985 : INFO - User entered Option 6.Store Student Details
2026-02-14 12:25:35,486 : INFO - User Entered college id in Option.6 that is 10001
2026-02-14 12:25:35,487 : INFO - User stored the student details in (student-details.txt) file
2026-02-14 12:25:56,870 : INFO - User entered Option 7.Store Teacher's Details
2026-02-14 12:26:01,401 : INFO - User Entered college id in Option.7 that is 10001
2026-02-14 12:26:01,403 : INFO - User stored the student details in (teachers-details.txt) file
2026-02-14 12:26:41,710 : INFO - User selected option 8.Exit
2026-02-14 12:26:41,710 : INFO - Portal Closed
2026-02-14 13:33:49,643 : INFO - Portal Opened
2026-02-14 13:34:41,906 : INFO - Portal Opened
